<?xml version="1.0" encoding="UTF-8"?>
<!-- Generated by org.testng.reporters.JUnitReportReporter -->
<testsuite hostname="Yuanmings-MacBook-Pro.local" name="com.sam.tests.CreateAccountTest" tests="2" failures="0" timestamp="6 Jul 2016 01:25:21 GMT" time="11.267" errors="0">
  <testcase name="clickcreateaccount" time="6.190" classname="com.sam.tests.CreateAccountTest"/>
  <testcase name="clickcreateaccount2" time="5.077" classname="com.sam.tests.CreateAccountTest"/>
</testsuite> <!-- com.sam.tests.CreateAccountTest -->
