<?xml version="1.0" encoding="UTF-8"?>
<!-- Generated by org.testng.reporters.JUnitReportReporter -->
<testsuite hostname="Yuanmings-MacBook-Pro.local" name="com.sam.tests.LoginTests" tests="2" failures="0" timestamp="27 Jun 2016 23:23:28 GMT" time="5.932" errors="0">
  <testcase name="testLogin" time="3.028" classname="com.sam.tests.LoginTests"/>
  <testcase name="testLoginError" time="2.904" classname="com.sam.tests.LoginTests"/>
</testsuite> <!-- com.sam.tests.LoginTests -->
