<?xml version="1.0" encoding="UTF-8"?>
<!-- Generated by org.testng.reporters.JUnitReportReporter -->
<testsuite hostname="Yuanmings-MacBook-Pro.local" name="com.sam.tests.CreateAccountPageFacotry" tests="1" failures="0" timestamp="6 Jul 2016 00:47:43 GMT" time="5.292" errors="0">
  <testcase name="clickcreateaccount" time="5.292" classname="com.sam.tests.CreateAccountPageFacotry"/>
</testsuite> <!-- com.sam.tests.CreateAccountPageFacotry -->
