<?xml version="1.0" encoding="UTF-8"?>
<!-- Generated by org.testng.reporters.JUnitReportReporter -->
<testsuite hostname="Yuanmings-MacBook-Pro.local" name="com.sam.tests.AddItemToCartTestsPageFactory" tests="2" failures="0" timestamp="28 Jun 2016 02:08:22 GMT" time="9.024" errors="0">
  <testcase name="checkoutWithLogin" time="4.862" classname="com.sam.tests.AddItemToCartTestsPageFactory"/>
  <testcase name="checkoutWithoutLogin" time="4.162" classname="com.sam.tests.AddItemToCartTestsPageFactory"/>
</testsuite> <!-- com.sam.tests.AddItemToCartTestsPageFactory -->
