<?xml version="1.0" encoding="UTF-8"?>
<!-- Generated by org.testng.reporters.JUnitReportReporter -->
<testsuite hostname="Yuanmings-MacBook-Pro.local" name="com.sam.tests.CreateAccountTest" tests="2" failures="0" timestamp="6 Jul 2016 22:50:41 GMT" time="11.751" errors="0">
  <testcase name="clickcreateaccount2" time="5.664" classname="com.sam.tests.CreateAccountTest"/>
  <testcase name="clickcreateaccount" time="6.087" classname="com.sam.tests.CreateAccountTest"/>
</testsuite> <!-- com.sam.tests.CreateAccountTest -->
