<?xml version="1.0" encoding="UTF-8"?>
<!-- Generated by org.testng.reporters.JUnitReportReporter -->
<testsuite hostname="Yuanmings-MacBook-Pro.local" name="com.sam.tests.CreateAccountTest" tests="2" failures="0" timestamp="7 Jul 2016 01:59:35 GMT" time="11.215" errors="0">
  <testcase name="clickcreateaccount2" time="4.831" classname="com.sam.tests.CreateAccountTest"/>
  <testcase name="clickcreateaccount" time="6.384" classname="com.sam.tests.CreateAccountTest"/>
</testsuite> <!-- com.sam.tests.CreateAccountTest -->
