<?xml version="1.0" encoding="UTF-8"?>
<!-- Generated by org.testng.reporters.JUnitReportReporter -->
<testsuite hostname="Yuanmings-MacBook-Pro.local" name="com.sam.tests.AddItemToCartTests" tests="2" failures="0" timestamp="28 Jun 2016 00:56:54 GMT" time="8.910" errors="0">
  <testcase name="checkoutWithoutLogin" time="3.489" classname="com.sam.tests.AddItemToCartTests"/>
  <testcase name="checkoutWithLogin" time="5.421" classname="com.sam.tests.AddItemToCartTests"/>
</testsuite> <!-- com.sam.tests.AddItemToCartTests -->
