<?xml version="1.0" encoding="UTF-8"?>
<!-- Generated by org.testng.reporters.JUnitReportReporter -->
<testsuite hostname="Yuanmings-MacBook-Pro.local" name="com.sam.tests.LoginTestsPageFactory" tests="2" failures="0" timestamp="29 Jun 2016 21:15:06 GMT" time="7.609" errors="0">
  <testcase name="testLoginError" time="2.680" classname="com.sam.tests.LoginTestsPageFactory"/>
  <testcase name="testLogin" time="4.929" classname="com.sam.tests.LoginTestsPageFactory"/>
</testsuite> <!-- com.sam.tests.LoginTestsPageFactory -->
